<?xml version="1.0" encoding="UTF-8"?>
<!-- Generated by org.testng.reporters.JUnitReportReporter -->
<testsuite hostname="DESKTOP-KMNS09Q" failures="0" tests="1" name="automation.testsuite.BTVN_D7" time="8.390" errors="0" timestamp="2025-10-21T23:39:17 ICT" skipped="0">
  <testcase classname="automation.testsuite.BTVN_D7" name="Nhapthongtin" time="8.390"/>
</testsuite> <!-- automation.testsuite.BTVN_D7 -->
