<?xml version="1.0" encoding="UTF-8"?>
<!-- Generated by org.testng.reporters.JUnitReportReporter -->
<testsuite hostname="DESKTOP-KMNS09Q" failures="0" tests="1" name="automation.testsuite.Practice" time="3.922" errors="0" timestamp="2025-10-21T23:26:13 ICT" skipped="0">
  <testcase classname="automation.testsuite.Practice" name="timmin" time="3.922"/>
</testsuite> <!-- automation.testsuite.Practice -->
